130 : 2021-12-26 08:21:46,270 : INFO : telemetry.main : Attempt start. Configuration directory [/home/rohit/.azure].
130 : 2021-12-26 08:21:46,271 : INFO : telemetry.check : Positive: The /home/rohit/.azure/telemetry.txt does not exist.
130 : 2021-12-26 08:21:46,271 : DEBUG : telemetry.note : acquiring lock
130 : 2021-12-26 08:21:46,271 : DEBUG : telemetry.note : acquired lock
130 : 2021-12-26 08:21:46,271 : INFO : telemetry.note : Update the note mtime to 2021-12-26 08:21:46.271615
130 : 2021-12-26 08:21:46,271 : WARNING : telemetry.note : Fail to parse or read the timestamp 'N/A' in the note file. Set the last send time to minimal. Reason: not readable
130 : 2021-12-26 08:21:46,272 : INFO : telemetry.records : No cache to be uploaded.
130 : 2021-12-26 08:21:46,272 : INFO : telemetry.client : Accumulated 0 events. Flush the clients.
130 : 2021-12-26 08:21:46,272 : INFO : telemetry.note : Update the last send in note to 0001-01-01 00:00:00
130 : 2021-12-26 08:21:46,272 : INFO : telemetry.note : Update the note mtime to 2021-12-26 08:21:46.272410
120 : 2021-12-26 15:53:22,429 : INFO : telemetry.main : Attempt start. Configuration directory [/home/rohit/.azure].
120 : 2021-12-26 15:53:22,434 : INFO : telemetry.check : Returns Positive.
120 : 2021-12-26 15:53:22,434 : DEBUG : telemetry.note : acquiring lock
120 : 2021-12-26 15:53:22,435 : DEBUG : telemetry.note : acquired lock
120 : 2021-12-26 15:53:22,435 : INFO : telemetry.note : Update the note mtime to 2021-12-26 15:53:22.435206
120 : 2021-12-26 15:53:22,440 : WARNING : telemetry.note : Fail to parse or read the timestamp '1-01-01T00:00:00' in the note file. Set the last send time to minimal. Reason: time data '1-01-01T00:00:00' does not match format '%Y-%m-%dT%H:%M:%S'
120 : 2021-12-26 15:53:22,441 : INFO : telemetry.records : No cache to be uploaded.
120 : 2021-12-26 15:53:22,441 : INFO : telemetry.client : Accumulated 0 events. Flush the clients.
120 : 2021-12-26 15:53:22,441 : INFO : telemetry.note : Update the last send in note to 0001-01-01 00:00:00
120 : 2021-12-26 15:53:22,441 : INFO : telemetry.note : Update the note mtime to 2021-12-26 15:53:22.441581
119 : 2021-12-27 11:09:37,462 : INFO : telemetry.main : Attempt start. Configuration directory [/home/rohit/.azure].
119 : 2021-12-27 11:09:37,466 : INFO : telemetry.check : Returns Positive.
119 : 2021-12-27 11:09:37,466 : DEBUG : telemetry.note : acquiring lock
119 : 2021-12-27 11:09:37,466 : DEBUG : telemetry.note : acquired lock
119 : 2021-12-27 11:09:37,466 : INFO : telemetry.note : Update the note mtime to 2021-12-27 11:09:37.466790
119 : 2021-12-27 11:09:37,481 : WARNING : telemetry.note : Fail to parse or read the timestamp '1-01-01T00:00:00' in the note file. Set the last send time to minimal. Reason: time data '1-01-01T00:00:00' does not match format '%Y-%m-%dT%H:%M:%S'
119 : 2021-12-27 11:09:37,481 : INFO : telemetry.records : No cache to be uploaded.
119 : 2021-12-27 11:09:37,482 : INFO : telemetry.client : Accumulated 0 events. Flush the clients.
119 : 2021-12-27 11:09:37,482 : INFO : telemetry.note : Update the last send in note to 0001-01-01 00:00:00
119 : 2021-12-27 11:09:37,482 : INFO : telemetry.note : Update the note mtime to 2021-12-27 11:09:37.482533
184 : 2021-12-27 11:22:18,718 : INFO : telemetry.main : Attempt start. Configuration directory [/home/rohit/.azure].
184 : 2021-12-27 11:22:18,718 : INFO : telemetry.check : Returns Positive.
184 : 2021-12-27 11:22:18,719 : DEBUG : telemetry.note : acquiring lock
184 : 2021-12-27 11:22:18,719 : DEBUG : telemetry.note : acquired lock
184 : 2021-12-27 11:22:18,719 : INFO : telemetry.note : Update the note mtime to 2021-12-27 11:22:18.719197
184 : 2021-12-27 11:22:18,721 : WARNING : telemetry.note : Fail to parse or read the timestamp '1-01-01T00:00:00' in the note file. Set the last send time to minimal. Reason: time data '1-01-01T00:00:00' does not match format '%Y-%m-%dT%H:%M:%S'
184 : 2021-12-27 11:22:18,721 : INFO : telemetry.records : No cache to be uploaded.
184 : 2021-12-27 11:22:18,721 : INFO : telemetry.client : Accumulated 0 events. Flush the clients.
184 : 2021-12-27 11:22:18,721 : INFO : telemetry.note : Update the last send in note to 0001-01-01 00:00:00
184 : 2021-12-27 11:22:18,721 : INFO : telemetry.note : Update the note mtime to 2021-12-27 11:22:18.721509
227 : 2021-12-27 11:32:45,438 : INFO : telemetry.main : Attempt start. Configuration directory [/home/rohit/.azure].
227 : 2021-12-27 11:32:45,439 : INFO : telemetry.check : Returns Positive.
227 : 2021-12-27 11:32:45,439 : DEBUG : telemetry.note : acquiring lock
227 : 2021-12-27 11:32:45,439 : DEBUG : telemetry.note : acquired lock
227 : 2021-12-27 11:32:45,439 : INFO : telemetry.note : Update the note mtime to 2021-12-27 11:32:45.439461
227 : 2021-12-27 11:32:45,441 : WARNING : telemetry.note : Fail to parse or read the timestamp '1-01-01T00:00:00' in the note file. Set the last send time to minimal. Reason: time data '1-01-01T00:00:00' does not match format '%Y-%m-%dT%H:%M:%S'
227 : 2021-12-27 11:32:45,441 : INFO : telemetry.records : No cache to be uploaded.
227 : 2021-12-27 11:32:45,441 : INFO : telemetry.client : Accumulated 0 events. Flush the clients.
227 : 2021-12-27 11:32:45,441 : INFO : telemetry.note : Update the last send in note to 0001-01-01 00:00:00
227 : 2021-12-27 11:32:45,441 : INFO : telemetry.note : Update the note mtime to 2021-12-27 11:32:45.441667
261 : 2021-12-27 11:52:39,874 : INFO : telemetry.main : Attempt start. Configuration directory [/home/rohit/.azure].
261 : 2021-12-27 11:52:39,875 : INFO : telemetry.check : Returns Positive.
261 : 2021-12-27 11:52:39,875 : DEBUG : telemetry.note : acquiring lock
261 : 2021-12-27 11:52:39,875 : DEBUG : telemetry.note : acquired lock
261 : 2021-12-27 11:52:39,875 : INFO : telemetry.note : Update the note mtime to 2021-12-27 11:52:39.875336
261 : 2021-12-27 11:52:39,877 : WARNING : telemetry.note : Fail to parse or read the timestamp '1-01-01T00:00:00' in the note file. Set the last send time to minimal. Reason: time data '1-01-01T00:00:00' does not match format '%Y-%m-%dT%H:%M:%S'
261 : 2021-12-27 11:52:39,877 : INFO : telemetry.records : No cache to be uploaded.
261 : 2021-12-27 11:52:39,877 : INFO : telemetry.client : Accumulated 0 events. Flush the clients.
261 : 2021-12-27 11:52:39,877 : INFO : telemetry.note : Update the last send in note to 0001-01-01 00:00:00
261 : 2021-12-27 11:52:39,877 : INFO : telemetry.note : Update the note mtime to 2021-12-27 11:52:39.877515
120 : 2021-12-30 12:17:27,133 : INFO : telemetry.main : Attempt start. Configuration directory [/home/rohit/.azure].
120 : 2021-12-30 12:17:27,137 : INFO : telemetry.check : Returns Positive.
120 : 2021-12-30 12:17:27,137 : DEBUG : telemetry.note : acquiring lock
120 : 2021-12-30 12:17:27,137 : DEBUG : telemetry.note : acquired lock
120 : 2021-12-30 12:17:27,137 : INFO : telemetry.note : Update the note mtime to 2021-12-30 12:17:27.137517
120 : 2021-12-30 12:17:27,143 : WARNING : telemetry.note : Fail to parse or read the timestamp '1-01-01T00:00:00' in the note file. Set the last send time to minimal. Reason: time data '1-01-01T00:00:00' does not match format '%Y-%m-%dT%H:%M:%S'
120 : 2021-12-30 12:17:27,144 : INFO : telemetry.records : No cache to be uploaded.
120 : 2021-12-30 12:17:27,144 : INFO : telemetry.client : Accumulated 0 events. Flush the clients.
120 : 2021-12-30 12:17:27,144 : INFO : telemetry.note : Update the last send in note to 0001-01-01 00:00:00
120 : 2021-12-30 12:17:27,144 : INFO : telemetry.note : Update the note mtime to 2021-12-30 12:17:27.144699
